0 info it worked if it ends with ok
1 verbose cli [ 'c:\\Program Files\\nodejs\\node.exe',
1 verbose cli   'c:\\Program Files\\nodejs\\node_modules\\npm\\bin\\npm-cli.js',
1 verbose cli   'start' ]
2 info using npm@3.10.10
3 info using node@v6.10.3
4 verbose run-script [ 'prestart', 'start', 'poststart' ]
5 info lifecycle mytasklist@1.0.0~prestart: mytasklist@1.0.0
6 silly lifecycle mytasklist@1.0.0~prestart: no script for prestart, continuing
7 info lifecycle mytasklist@1.0.0~start: mytasklist@1.0.0
8 verbose lifecycle mytasklist@1.0.0~start: unsafe-perm in lifecycle true
9 verbose lifecycle mytasklist@1.0.0~start: PATH: c:\Program Files\nodejs\node_modules\npm\bin\node-gyp-bin;c:\Projects\CustomerPortal\CustomerPortal\client\node_modules\.bin;c:\Users\saipr\bin;.;C:\Program Files (x86)\Git\local\bin;C:\Program Files (x86)\Git\mingw\bin;C:\Program Files (x86)\Git\bin;C:\Program Files (x86)\Git\bin;c:\ProgramData\Oracle\Java\javapath;c:\Program Files\MySQL\MySQL Server 5.7\bin;c:\Python27\Scripts;c:\Program Files (x86)\Intel\TXE Components\TCS\;c:\Program Files\Intel\TXE Components\TCS\;c:\WINDOWS\system32;c:\WINDOWS;c:\WINDOWS\System32\Wbem;c:\WINDOWS\System32\WindowsPowerShell\v1.0\;c:\Program Files\Intel\TXE Components\DAL\;c:\Program Files (x86)\Intel\TXE Components\DAL\;c:\Program Files\Intel\TXE Components\IPT\;c:\Program Files (x86)\Intel\TXE Components\IPT\;c:\Program Files\Intel\WiFi\bin\;c:\Users\saipr\Desktop\apache-ant-1.10.1-bin\apache-ant-1.10.1\bin;c:\Program Files\Java\jdk\bin;c:\Program Files\MySQL\MySQL Utilities 1.6\;c:\Users\saipr\Desktop\test_db-master;c:\Program Files\Microsoft SQL Server\130\Tools\Binn\;c:\Program Files\dotnet\;c:\Program Files\nodejs\;c:\Program Files\TortoiseGit\bin;c:\Users\saipr\Anaconda2;c:\Users\saipr\Anaconda2\Scripts;c:\Users\saipr\Anaconda2\Library\bin;c:\Users\saipr\AppData\Local\Microsoft\WindowsApps;c:\Users\saipr\AppData\Roaming\npm;c:\Program Files (x86)\Microsoft VS Code\bin
10 verbose lifecycle mytasklist@1.0.0~start: CWD: c:\Projects\CustomerPortal\CustomerPortal\client
11 silly lifecycle mytasklist@1.0.0~start: Args: [ '/d /s /c', 'tsc && concurrently "tsc -w" "lite-server" ' ]
12 silly lifecycle mytasklist@1.0.0~start: Returned: code: 2  signal: null
13 info lifecycle mytasklist@1.0.0~start: Failed to exec start script
14 verbose stack Error: mytasklist@1.0.0 start: `tsc && concurrently "tsc -w" "lite-server" `
14 verbose stack Exit status 2
14 verbose stack     at EventEmitter.<anonymous> (c:\Program Files\nodejs\node_modules\npm\lib\utils\lifecycle.js:255:16)
14 verbose stack     at emitTwo (events.js:106:13)
14 verbose stack     at EventEmitter.emit (events.js:191:7)
14 verbose stack     at ChildProcess.<anonymous> (c:\Program Files\nodejs\node_modules\npm\lib\utils\spawn.js:40:14)
14 verbose stack     at emitTwo (events.js:106:13)
14 verbose stack     at ChildProcess.emit (events.js:191:7)
14 verbose stack     at maybeClose (internal/child_process.js:886:16)
14 verbose stack     at Process.ChildProcess._handle.onexit (internal/child_process.js:226:5)
15 verbose pkgid mytasklist@1.0.0
16 verbose cwd c:\Projects\CustomerPortal\CustomerPortal\client
17 error Windows_NT 10.0.15063
18 error argv "c:\\Program Files\\nodejs\\node.exe" "c:\\Program Files\\nodejs\\node_modules\\npm\\bin\\npm-cli.js" "start"
19 error node v6.10.3
20 error npm  v3.10.10
21 error code ELIFECYCLE
22 error mytasklist@1.0.0 start: `tsc && concurrently "tsc -w" "lite-server" `
22 error Exit status 2
23 error Failed at the mytasklist@1.0.0 start script 'tsc && concurrently "tsc -w" "lite-server" '.
23 error Make sure you have the latest version of node.js and npm installed.
23 error If you do, this is most likely a problem with the mytasklist package,
23 error not with npm itself.
23 error Tell the author that this fails on your system:
23 error     tsc && concurrently "tsc -w" "lite-server"
23 error You can get information on how to open an issue for this project with:
23 error     npm bugs mytasklist
23 error Or if that isn't available, you can get their info via:
23 error     npm owner ls mytasklist
23 error There is likely additional logging output above.
24 verbose exit [ 1, true ]
